<?xml version="1.0" encoding="UTF-8"?>
<!-- Generated by org.testng.reporters.JUnitReportReporter -->
<testsuite hostname="XD-10ISLA-21114" failures="0" tests="3" name="test.GALoginDataProvider" time="113.315" errors="0" timestamp="2021-07-09T12:06:02 IST" skipped="0">
  <testcase classname="test.GALoginDataProvider" name="signIn" time="24.558"/>
  <system-out/>
  <testcase classname="test.GALoginDataProvider" name="signIn" time="41.191"/>
  <system-out/>
  <testcase classname="test.GALoginDataProvider" name="signIn" time="47.566"/>
  <system-out/>
</testsuite> <!-- test.GALoginDataProvider -->
