<?xml version="1.0" encoding="UTF-8"?>
<!-- Generated by org.testng.reporters.JUnitReportReporter -->
<testsuite hostname="XD-10ISLA-21114" failures="0" tests="5" name="test.GATest" time="48.251" errors="0" timestamp="2021-06-25T17:39:05 IST" skipped="0">
  <testcase classname="test.GATest" name="Signin" time="9.039"/>
  <system-out/>
  <testcase classname="test.GATest" name="Device_ContractSelection" time="17.127"/>
  <system-out/>
  <testcase classname="test.GATest" name="Service_Selection" time="2.945"/>
  <system-out/>
  <testcase classname="test.GATest" name="Plan_Selection" time="1.892"/>
  <system-out/>
  <testcase classname="test.GATest" name="CartPage" time="17.248"/>
  <system-out/>
</testsuite> <!-- test.GATest -->
