<?xml version="1.0" encoding="UTF-8"?>
<!-- Generated by org.testng.reporters.JUnitReportReporter -->
<testsuite hostname="XD-10ISLA-21114" failures="0" tests="6" name="test.AuthGA_UpperFunnel" time="77.392" errors="0" timestamp="2021-06-30T15:52:07 IST" skipped="0">
  <testcase classname="test.AuthGA_UpperFunnel" name="signIn" time="12.538"/>
  <system-out/>
  <testcase classname="test.AuthGA_UpperFunnel" name="deviceContractSelection" time="18.496"/>
  <system-out/>
  <testcase classname="test.AuthGA_UpperFunnel" name="serviceSelection" time="0.827"/>
  <system-out/>
  <testcase classname="test.AuthGA_UpperFunnel" name="planSelection" time="0.320"/>
  <system-out/>
  <testcase classname="test.AuthGA_UpperFunnel" name="cartPage" time="19.910"/>
  <system-out/>
  <testcase classname="test.AuthGA_UpperFunnel" name="checkoutStep" time="25.301"/>
  <system-out/>
</testsuite> <!-- test.AuthGA_UpperFunnel -->
