<?xml version="1.0" encoding="UTF-8"?>
<!-- Generated by org.testng.reporters.JUnitReportReporter -->
<testsuite hostname="XD-10ISLA-21114" failures="0" tests="4" name="test.PhoneTest" time="23.162" errors="0" timestamp="2021-06-25T14:42:05 IST" skipped="0">
  <testcase classname="test.PhoneTest" name="Device_ContractSelection" time="6.827"/>
  <system-out/>
  <testcase classname="test.PhoneTest" name="Service_Selection" time="3.011"/>
  <system-out/>
  <testcase classname="test.PhoneTest" name="Plan_Selection" time="2.260"/>
  <system-out/>
  <testcase classname="test.PhoneTest" name="CartPage" time="11.064"/>
  <system-out/>
</testsuite> <!-- test.PhoneTest -->
