<?xml version="1.0" encoding="UTF-8"?>
<!-- Generated by org.testng.reporters.JUnitReportReporter -->
<testsuite hostname="XD-10ISLA-21114" failures="0" tests="1" name="test.BYODExistingSIMEditCart" time="50.401" errors="0" timestamp="2021-07-26T16:14:21 IST" skipped="0">
  <testcase classname="test.BYODExistingSIMEditCart" name="editCartBYOD" time="50.401"/>
  <system-out/>
</testsuite> <!-- test.BYODExistingSIMEditCart -->
