<?xml version="1.0" encoding="UTF-8"?>
<!-- Generated by org.testng.reporters.JUnitReportReporter -->
<testsuite hostname="XD-10ISLA-21114" failures="0" tests="1" name="regression.JodUpgradeTurnIn" time="88.002" errors="0" timestamp="2021-07-30T16:14:59 IST" skipped="0">
  <testcase classname="regression.JodUpgradeTurnIn" name="jodUpgrade" time="88.002"/>
  <system-out>
Clicked on Sign In Link Sending username and password Selecting Upgrade from popup PTN Selector Page title verified Searching the PTN in search bar Selected iPhone12 Pro from Device Page Selected Lease TurnIn termination option Accepted TurnIn terms in PDP Page Selected IB contract term from PDP Selected Continue Button from PDP Page Add to cart button click in Upgrade flow Clicked on Checkout button in cart page Selecting Overnight Shipping option in Delivery Page Accepted terms with Device Agreements Sent Card details successfully  </system-out>
</testsuite> <!-- regression.JodUpgradeTurnIn -->
