<?xml version="1.0" encoding="UTF-8"?>
<!-- Generated by org.testng.reporters.JUnitReportReporter -->
<testsuite hostname="XD-10ISLA-21114" failures="0" tests="1" name="sanity.ESignTest" time="6.823" errors="0" timestamp="2021-07-28T19:33:18 IST" skipped="0">
  <testcase classname="sanity.ESignTest" name="signIn" time="6.823"/>
  <system-out>
Verifying eSign Page title Sent eSign Order ID successfully Sent zipcode & pin in eSign flow Switched to parent window Accepted eAgreement in eSign flow  </system-out>
</testsuite> <!-- sanity.ESignTest -->
