<?xml version="1.0" encoding="UTF-8"?>
<!-- Generated by org.testng.reporters.JUnitReportReporter -->
<testsuite hostname="XD-10ISLA-21114" failures="0" tests="1" name="test.ESignTest" time="7.281" errors="0" timestamp="2021-07-15T17:32:09 IST" skipped="0">
  <testcase classname="test.ESignTest" name="signIn" time="7.281"/>
  <system-out/>
</testsuite> <!-- test.ESignTest -->
