<?xml version="1.0" encoding="UTF-8"?>
<!-- Generated by org.testng.reporters.JUnitReportReporter -->
<testsuite hostname="XD-10ISLA-21114" failures="0" tests="1" name="regression.ChangePlanTest" time="65.667" errors="0" timestamp="2021-07-29T14:04:58 IST" skipped="0">
  <testcase classname="regression.ChangePlanTest" name="changePlan" time="65.667"/>
  <system-out>
Clicked on Sign In Link Sending username and password Selecting AAL from popup Selceted Change Plan from My Account dropdown Selecting first device to perform CP Selected the New Plan for CP Proceeding from Service page Verified Cart Title  </system-out>
</testsuite> <!-- regression.ChangePlanTest -->
