<?xml version="1.0" encoding="UTF-8"?>
<!-- Generated by org.testng.reporters.JUnitReportReporter -->
<testsuite hostname="XD-10ISLA-21114" failures="0" tests="1" name="test.PersistentCart" time="70.245" errors="0" timestamp="2021-07-15T19:04:24 IST" skipped="0">
  <testcase classname="test.PersistentCart" name="jodUpgrade" time="70.245"/>
  <system-out/>
</testsuite> <!-- test.PersistentCart -->
