<?xml version="1.0" encoding="UTF-8"?>
<!-- Generated by org.testng.reporters.JUnitReportReporter -->
<testsuite hostname="XD-10ISLA-21114" failures="0" tests="1" name="sanity.TestSample" time="0.000" errors="0" timestamp="2021-07-29T22:42:07 IST" skipped="1">
  <testcase classname="sanity.TestSample" name="sample" time="0.000">
    <skipped/>
  </testcase> <!-- sample -->
  <system-out/>
</testsuite> <!-- sanity.TestSample -->
