<?xml version="1.0" encoding="UTF-8"?>
<!-- Generated by org.testng.reporters.JUnitReportReporter -->
<testsuite hostname="XD-10ISLA-21114" failures="0" tests="1" name="regression.ESignTest" time="7.960" errors="0" timestamp="2021-07-28T18:50:00 IST" skipped="0">
  <testcase classname="regression.ESignTest" name="signIn" time="7.960"/>
  <system-out>
Verifying eSign Page title Sent eSign Order ID successfully Sent zipcode & pin in eSign flow Switched to parent window Accepted eAgreement in eSign flow  </system-out>
</testsuite> <!-- regression.ESignTest -->
