<?xml version="1.0" encoding="UTF-8"?>
<!-- Generated by org.testng.reporters.JUnitReportReporter -->
<testsuite hostname="XD-10ISLA-21114" failures="0" tests="1" name="regression.BYODNewSIMEditCart" time="72.627" errors="0" timestamp="2021-07-30T12:14:34 IST" skipped="0">
  <testcase classname="regression.BYODNewSIMEditCart" name="newSIMEditCart" time="72.627"/>
  <system-out>
Clicked on Sign In Link Sending username and password Selecting BYOD from popup Cart Items cleared Selecting BYOD link from Cart Page After selecting BYOD link from cart, passing the ESN successfully Selecting New SIM option Clicking Continue Button from BYOD Page Clicked Add to Cart Button in BYOD flow Clicking on Edit Cart link in cart page Plan updation is successfull Clicking on Update button after editing cart items  </system-out>
</testsuite> <!-- regression.BYODNewSIMEditCart -->
